{"/vol0/Frontend/js/ApiService.js": {"path":"/vol0/Frontend/js/ApiService.js","statementMap":{"0":{"start":{"line":2,"column":22},"end":{"line":2,"column":46}},"1":{"start":{"line":5,"column":23},"end":{"line":11,"column":43}},"2":{"start":{"line":11,"column":26},"end":{"line":11,"column":42}},"3":{"start":{"line":13,"column":8},"end":{"line":13,"column":31}}},"fnMap":{"0":{"name":"(anonymous_0)","decl":{"start":{"line":4,"column":4},"end":{"line":4,"column":5}},"loc":{"start":{"line":4,"column":41},"end":{"line":14,"column":5}},"line":4},"1":{"name":"(anonymous_1)","decl":{"start":{"line":11,"column":17},"end":{"line":11,"column":18}},"loc":{"start":{"line":11,"column":26},"end":{"line":11,"column":42}},"line":11}},"branchMap":{},"s":{"0":1,"1":1,"2":0,"3":1},"f":{"0":1,"1":0},"b":{},"_coverageSchema":"1a1c01bbd47fc00a2c39e90264f33305004495a9","hash":"8936e4426c7b0c54c64107ace491df41e5ab386e"}
,"/vol0/Frontend/js/ConsoleView.js": {"path":"/vol0/Frontend/js/ConsoleView.js","statementMap":{"0":{"start":{"line":3,"column":5},"end":{"line":3,"column":54}},"1":{"start":{"line":4,"column":5},"end":{"line":6,"column":7}},"2":{"start":{"line":8,"column":2},"end":{"line":8,"column":46}},"3":{"start":{"line":9,"column":2},"end":{"line":9,"column":64}},"4":{"start":{"line":10,"column":2},"end":{"line":10,"column":30}},"5":{"start":{"line":14,"column":2},"end":{"line":14,"column":60}},"6":{"start":{"line":15,"column":5},"end":{"line":15,"column":42}},"7":{"start":{"line":16,"column":5},"end":{"line":16,"column":49}},"8":{"start":{"line":20,"column":2},"end":{"line":20,"column":63}},"9":{"start":{"line":21,"column":5},"end":{"line":21,"column":59}},"10":{"start":{"line":22,"column":5},"end":{"line":22,"column":65}},"11":{"start":{"line":26,"column":2},"end":{"line":26,"column":31}},"12":{"start":{"line":29,"column":16},"end":{"line":38,"column":2}},"13":{"start":{"line":30,"column":5},"end":{"line":31,"column":13}},"14":{"start":{"line":31,"column":6},"end":{"line":31,"column":13}},"15":{"start":{"line":33,"column":15},"end":{"line":33,"column":41}},"16":{"start":{"line":34,"column":16},"end":{"line":34,"column":25}},"17":{"start":{"line":35,"column":20},"end":{"line":35,"column":35}},"18":{"start":{"line":37,"column":2},"end":{"line":37,"column":47}}},"fnMap":{"0":{"name":"(anonymous_0)","decl":{"start":{"line":2,"column":1},"end":{"line":2,"column":2}},"loc":{"start":{"line":2,"column":35},"end":{"line":11,"column":2}},"line":2},"1":{"name":"(anonymous_1)","decl":{"start":{"line":13,"column":1},"end":{"line":13,"column":2}},"loc":{"start":{"line":13,"column":24},"end":{"line":17,"column":2}},"line":13},"2":{"name":"(anonymous_2)","decl":{"start":{"line":19,"column":1},"end":{"line":19,"column":2}},"loc":{"start":{"line":19,"column":32},"end":{"line":23,"column":2}},"line":19},"3":{"name":"(anonymous_3)","decl":{"start":{"line":25,"column":1},"end":{"line":25,"column":2}},"loc":{"start":{"line":25,"column":23},"end":{"line":27,"column":2}},"line":25},"4":{"name":"(anonymous_4)","decl":{"start":{"line":29,"column":16},"end":{"line":29,"column":17}},"loc":{"start":{"line":29,"column":27},"end":{"line":38,"column":2}},"line":29}},"branchMap":{"0":{"loc":{"start":{"line":30,"column":5},"end":{"line":31,"column":13}},"type":"if","locations":[{"start":{"line":30,"column":5},"end":{"line":31,"column":13}},{"start":{"line":30,"column":5},"end":{"line":31,"column":13}}],"line":30}},"s":{"0":0,"1":0,"2":0,"3":0,"4":0,"5":0,"6":0,"7":0,"8":0,"9":0,"10":0,"11":0,"12":0,"13":0,"14":0,"15":0,"16":0,"17":0,"18":0},"f":{"0":0,"1":0,"2":0,"3":0,"4":0},"b":{"0":[0,0]},"_coverageSchema":"1a1c01bbd47fc00a2c39e90264f33305004495a9","hash":"1d62a20acb9fd2fb3247a2590c48179e4aede306"}
,"/vol0/Frontend/js/UserActionController.js": {"path":"/vol0/Frontend/js/UserActionController.js","statementMap":{"0":{"start":{"line":6,"column":8},"end":{"line":6,"column":49}},"1":{"start":{"line":7,"column":8},"end":{"line":7,"column":43}},"2":{"start":{"line":11,"column":8},"end":{"line":14,"column":45}},"3":{"start":{"line":12,"column":27},"end":{"line":12,"column":61}},"4":{"start":{"line":13,"column":31},"end":{"line":13,"column":66}},"5":{"start":{"line":14,"column":28},"end":{"line":14,"column":44}},"6":{"start":{"line":18,"column":8},"end":{"line":18,"column":77}},"7":{"start":{"line":23,"column":8},"end":{"line":23,"column":63}},"8":{"start":{"line":24,"column":23},"end":{"line":34,"column":10}},"9":{"start":{"line":25,"column":12},"end":{"line":32,"column":14}},"10":{"start":{"line":26,"column":16},"end":{"line":31,"column":17}},"11":{"start":{"line":27,"column":20},"end":{"line":30,"column":23}},"12":{"start":{"line":33,"column":12},"end":{"line":33,"column":80}},"13":{"start":{"line":35,"column":8},"end":{"line":35,"column":79}},"14":{"start":{"line":36,"column":8},"end":{"line":36,"column":48}},"15":{"start":{"line":37,"column":8},"end":{"line":37,"column":24}},"16":{"start":{"line":41,"column":8},"end":{"line":41,"column":62}}},"fnMap":{"0":{"name":"(anonymous_0)","decl":{"start":{"line":5,"column":4},"end":{"line":5,"column":5}},"loc":{"start":{"line":5,"column":18},"end":{"line":8,"column":5}},"line":5},"1":{"name":"(anonymous_1)","decl":{"start":{"line":10,"column":4},"end":{"line":10,"column":5}},"loc":{"start":{"line":10,"column":26},"end":{"line":15,"column":5}},"line":10},"2":{"name":"(anonymous_2)","decl":{"start":{"line":12,"column":18},"end":{"line":12,"column":19}},"loc":{"start":{"line":12,"column":27},"end":{"line":12,"column":61}},"line":12},"3":{"name":"(anonymous_3)","decl":{"start":{"line":13,"column":18},"end":{"line":13,"column":19}},"loc":{"start":{"line":13,"column":31},"end":{"line":13,"column":66}},"line":13},"4":{"name":"(anonymous_4)","decl":{"start":{"line":14,"column":19},"end":{"line":14,"column":20}},"loc":{"start":{"line":14,"column":28},"end":{"line":14,"column":44}},"line":14},"5":{"name":"(anonymous_5)","decl":{"start":{"line":17,"column":4},"end":{"line":17,"column":5}},"loc":{"start":{"line":17,"column":36},"end":{"line":19,"column":5}},"line":17},"6":{"name":"(anonymous_6)","decl":{"start":{"line":21,"column":4},"end":{"line":21,"column":5}},"loc":{"start":{"line":21,"column":40},"end":{"line":38,"column":5}},"line":21},"7":{"name":"(anonymous_7)","decl":{"start":{"line":24,"column":41},"end":{"line":24,"column":42}},"loc":{"start":{"line":24,"column":62},"end":{"line":34,"column":9}},"line":24},"8":{"name":"(anonymous_8)","decl":{"start":{"line":25,"column":30},"end":{"line":25,"column":31}},"loc":{"start":{"line":25,"column":41},"end":{"line":32,"column":13}},"line":25},"9":{"name":"(anonymous_9)","decl":{"start":{"line":40,"column":4},"end":{"line":40,"column":5}},"loc":{"start":{"line":40,"column":35},"end":{"line":42,"column":5}},"line":40}},"branchMap":{"0":{"loc":{"start":{"line":26,"column":16},"end":{"line":31,"column":17}},"type":"if","locations":[{"start":{"line":26,"column":16},"end":{"line":31,"column":17}},{"start":{"line":26,"column":16},"end":{"line":31,"column":17}}],"line":26}},"s":{"0":1,"1":1,"2":0,"3":0,"4":0,"5":0,"6":1,"7":0,"8":0,"9":0,"10":0,"11":0,"12":0,"13":0,"14":0,"15":0,"16":0},"f":{"0":1,"1":0,"2":0,"3":0,"4":0,"5":1,"6":0,"7":0,"8":0,"9":0},"b":{"0":[0,0]},"_coverageSchema":"1a1c01bbd47fc00a2c39e90264f33305004495a9","hash":"b77a6b57fc81c05b768ee7f78bd39072a91faba1"}
}
